<?xml version="1.0" encoding="UTF-8"?>
<!-- Generated by org.testng.reporters.JUnitXMLReporter -->
<testsuite hostname="rajeshwars-MacBook-Pro.local" ignored="0" name="chrometest" tests="2" failures="1" timestamp="2019-03-02T11:41:35 IST" time="28.448" errors="0">
  <testcase name="verifyPageTitle" time="2.988" classname="com.amazon.testcases.AmazonTest">
    <failure type="java.lang.AssertionError" message="did not expect to find [Amazon.com: Online Shopping for Electronics, Apparel, Computers, Books, DVDs &amp;amp; more] but found [Amazon.com: Online Shopping for Electronics,]">
      <![CDATA[java.lang.AssertionError: did not expect to find [Amazon.com: Online Shopping for Electronics, Apparel, Computers, Books, DVDs & more] but found [Amazon.com: Online Shopping for Electronics,]
at com.amazon.testcases.AmazonTest.verifyPageTitle(AmazonTest.java:50)
... Removed 31 stack frames]]>
    </failure>
  </testcase> <!-- verifyPageTitle -->
  <testcase name="verifyUrlAccess" time="0.053" classname="com.amazon.testcases.AmazonTest"/>
</testsuite> <!-- chrometest -->
