<?xml version="1.0" encoding="UTF-8"?>
<!-- Generated by org.testng.reporters.JUnitXMLReporter -->
<testsuite hostname="user-PC" name="Test" tests="2" failures="0" timestamp="28 Apr 2019 17:11:04 GMT" time="0.267" errors="0">
  <testcase name="@BeforeClass openBrowser" time="0.0" classname="com.amazon.testcases.SiginPageTest">
    <failure type="java.lang.IllegalStateException" message="The driver executable does not exist: C:\Users\Rajeshwar.S\Downloads\chromedriver_win32 (1)\chromedriver.exe">
      <![CDATA[java.lang.IllegalStateException: The driver executable does not exist: C:\Users\Rajeshwar.S\Downloads\chromedriver_win32 (1)\chromedriver.exe
	at com.google.common.base.Preconditions.checkState(Preconditions.java:588)
	at org.openqa.selenium.remote.service.DriverService.checkExecutable(DriverService.java:137)
	at org.openqa.selenium.remote.service.DriverService.findExecutable(DriverService.java:132)
	at org.openqa.selenium.chrome.ChromeDriverService.access$000(ChromeDriverService.java:35)
	at org.openqa.selenium.chrome.ChromeDriverService$Builder.findDefaultExecutable(ChromeDriverService.java:156)
	at org.openqa.selenium.remote.service.DriverService$Builder.build(DriverService.java:346)
	at org.openqa.selenium.chrome.ChromeDriverService.createDefaultService(ChromeDriverService.java:91)
	at org.openqa.selenium.chrome.ChromeDriver.<init>(ChromeDriver.java:123)
	at com.amazon.utility.BaseClassTwo.initChrome(BaseClassTwo.java:26)
	at com.amazon.utility.BaseClassTwo.openBrowser(BaseClassTwo.java:43)
... Removed 24 stack frames]]>
    </failure>
  </testcase> <!-- @BeforeClass openBrowser -->
  <testcase name="@BeforeClass setUp" time="0.0" classname="com.amazon.testcases.SiginPageTest">
    <skipped/>
  </testcase> <!-- @BeforeClass setUp -->
  <testcase name="@AfterClass closeBrowser" time="0.0" classname="com.amazon.testcases.SiginPageTest">
    <skipped/>
  </testcase> <!-- @AfterClass closeBrowser -->
  <testcase name="verifySignIn" time="0.003" classname="com.amazon.testcases.SiginPageTest">
    <skipped/>
  </testcase> <!-- verifySignIn -->
  <testcase name="verifyUserAbleToSignUp" time="0.005" classname="com.amazon.testcases.SiginPageTest">
    <skipped/>
  </testcase> <!-- verifyUserAbleToSignUp -->
</testsuite> <!-- Test -->
